<?xml version="1.0" encoding="UTF-8"?>
<!-- Generated by org.testng.reporters.JUnitXMLReporter -->
<testsuite hostname="Dell-PC" ignored="0" name="SmokeScenario" tests="2" failures="1" timestamp="26 Jul 2017 10:09:36 GMT" time="121.346" errors="0">
  <testcase name="testHomepage" time="0.506" classname="testcase.VerifyHomePage"/>
  <testcase name="testHomepage" time="0.096" classname="testcase.VerifyLoginPage">
    <failure type="java.lang.AssertionError" message="expected [true] but found [false]">
      <![CDATA[java.lang.AssertionError: expected [true] but found [false]
	at testcase.VerifyLoginPage.testHomepage(VerifyLoginPage.java:56)
... Removed 29 stack frames]]>
    </failure>
  </testcase> <!-- testHomepage -->
</testsuite> <!-- SmokeScenario -->
